2021-04-26 13:01:20,724 - root - INFO - *************Test_003_AddCustomer*********
2021-04-26 13:01:20,724 - root - INFO - *************Test_003_AddCustomer*********
2021-04-26 13:01:20,724 - root - INFO - *************Test_003_AddCustomer*********
2021-04-26 13:01:35,936 - root - INFO - *************login successful*********
2021-04-26 13:01:35,936 - root - INFO - *************login successful*********
2021-04-26 13:01:35,936 - root - INFO - *************login successful*********
2021-04-26 13:01:35,936 - root - INFO - ************Starting Add Customer*********
2021-04-26 13:01:35,936 - root - INFO - ************Starting Add Customer*********
2021-04-26 13:01:35,936 - root - INFO - ************Starting Add Customer*********
2021-04-26 13:01:44,478 - root - INFO - ************Providing Customer Information*********
2021-04-26 13:01:44,478 - root - INFO - ************Providing Customer Information*********
2021-04-26 13:01:44,478 - root - INFO - ************Providing Customer Information*********
2021-04-26 13:01:56,116 - root - INFO - ************Saving Customer Information*********
2021-04-26 13:01:56,116 - root - INFO - ************Saving Customer Information*********
2021-04-26 13:01:56,116 - root - INFO - ************Saving Customer Information*********
2021-04-26 13:01:56,116 - root - INFO - ************Verifying Customer validation*********
2021-04-26 13:01:56,116 - root - INFO - ************Verifying Customer validation*********
2021-04-26 13:01:56,116 - root - INFO - ************Verifying Customer validation*********
2021-04-26 13:01:56,798 - root - INFO - ************Add Customer Passed*********
2021-04-26 13:01:56,798 - root - INFO - ************Add Customer Passed*********
2021-04-26 13:01:56,798 - root - INFO - ************Add Customer Passed*********
2021-04-26 13:03:27,818 - root - INFO - ***********searchCustomerByEmail***********
2021-04-26 13:03:27,818 - root - INFO - ***********searchCustomerByEmail***********
2021-04-26 13:03:27,818 - root - INFO - ***********searchCustomerByEmail***********
2021-04-26 13:03:35,786 - root - INFO - ***********Login Successful***********
2021-04-26 13:03:35,786 - root - INFO - ***********Login Successful***********
2021-04-26 13:03:35,786 - root - INFO - ***********Login Successful***********
2021-04-26 13:03:35,787 - root - INFO - ***********Starting searchCustomer ByEmail***********
2021-04-26 13:03:35,787 - root - INFO - ***********Starting searchCustomer ByEmail***********
2021-04-26 13:03:35,787 - root - INFO - ***********Starting searchCustomer ByEmail***********
2021-04-26 13:03:50,097 - root - INFO - ***********searchCustomerByName***********
2021-04-26 13:03:50,097 - root - INFO - ***********searchCustomerByName***********
2021-04-26 13:03:50,097 - root - INFO - ***********searchCustomerByName***********
2021-04-26 13:04:15,506 - root - INFO - ***********Starting searchCustomer ByName***********
2021-04-26 13:04:15,506 - root - INFO - ***********Starting searchCustomer ByName***********
2021-04-26 13:04:15,506 - root - INFO - ***********Starting searchCustomer ByName***********
2021-04-26 13:04:19,889 - root - INFO - ***********Test_searchCustomerByName_005 finished ***********
2021-04-26 13:04:19,889 - root - INFO - ***********Test_searchCustomerByName_005 finished ***********
2021-04-26 13:04:19,889 - root - INFO - ***********Test_searchCustomerByName_005 finished ***********
2021-04-26 13:08:26,633 - root - INFO - ***********searchCustomerByEmail***********
2021-04-26 13:08:26,633 - root - INFO - ***********searchCustomerByEmail***********
2021-04-26 13:08:26,633 - root - INFO - ***********searchCustomerByEmail***********
2021-04-26 13:08:44,029 - root - INFO - ***********Login Successful***********
2021-04-26 13:08:44,029 - root - INFO - ***********Login Successful***********
2021-04-26 13:08:44,029 - root - INFO - ***********Login Successful***********
2021-04-26 13:08:44,030 - root - INFO - ***********Starting searchCustomer ByEmail***********
2021-04-26 13:08:44,030 - root - INFO - ***********Starting searchCustomer ByEmail***********
2021-04-26 13:08:44,030 - root - INFO - ***********Starting searchCustomer ByEmail***********
2021-04-26 13:08:57,065 - root - INFO - ***********searchCustomerByName***********
2021-04-26 13:08:57,065 - root - INFO - ***********searchCustomerByName***********
2021-04-26 13:08:57,065 - root - INFO - ***********searchCustomerByName***********
2021-04-26 13:09:24,285 - root - INFO - ***********Starting searchCustomer ByName***********
2021-04-26 13:09:24,285 - root - INFO - ***********Starting searchCustomer ByName***********
2021-04-26 13:09:24,285 - root - INFO - ***********Starting searchCustomer ByName***********
2021-04-26 13:09:28,197 - root - INFO - ***********Test_searchCustomerByName_005 finished ***********
2021-04-26 13:09:28,197 - root - INFO - ***********Test_searchCustomerByName_005 finished ***********
2021-04-26 13:09:28,197 - root - INFO - ***********Test_searchCustomerByName_005 finished ***********
2021-04-26 13:22:35,322 - root - INFO - ***********searchCustomerByEmail***********
2021-04-26 13:22:35,322 - root - INFO - ***********searchCustomerByEmail***********
2021-04-26 13:22:35,322 - root - INFO - ***********searchCustomerByEmail***********
2021-04-26 13:22:44,421 - root - INFO - ***********Login Successful***********
2021-04-26 13:22:44,421 - root - INFO - ***********Login Successful***********
2021-04-26 13:22:44,421 - root - INFO - ***********Login Successful***********
2021-04-26 13:22:44,421 - root - INFO - ***********Starting searchCustomer ByEmail***********
2021-04-26 13:22:44,421 - root - INFO - ***********Starting searchCustomer ByEmail***********
2021-04-26 13:22:44,421 - root - INFO - ***********Starting searchCustomer ByEmail***********
2021-04-26 13:22:58,521 - root - INFO - ***********searchCustomerByName***********
2021-04-26 13:22:58,521 - root - INFO - ***********searchCustomerByName***********
2021-04-26 13:22:58,521 - root - INFO - ***********searchCustomerByName***********
2021-04-26 13:23:33,897 - root - INFO - ***********Starting searchCustomer ByName***********
2021-04-26 13:23:33,897 - root - INFO - ***********Starting searchCustomer ByName***********
2021-04-26 13:23:33,897 - root - INFO - ***********Starting searchCustomer ByName***********
2021-04-26 13:23:40,285 - root - INFO - ***********Test_searchCustomerByName_005 finished ***********
2021-04-26 13:23:40,285 - root - INFO - ***********Test_searchCustomerByName_005 finished ***********
2021-04-26 13:23:40,285 - root - INFO - ***********Test_searchCustomerByName_005 finished ***********
2021-04-26 13:24:58,402 - root - INFO - ***********searchCustomerByEmail***********
2021-04-26 13:24:58,402 - root - INFO - ***********searchCustomerByEmail***********
2021-04-26 13:24:58,402 - root - INFO - ***********searchCustomerByEmail***********
2021-04-26 13:25:05,933 - root - INFO - ***********Login Successful***********
2021-04-26 13:25:05,933 - root - INFO - ***********Login Successful***********
2021-04-26 13:25:05,933 - root - INFO - ***********Login Successful***********
2021-04-26 13:25:05,934 - root - INFO - ***********Starting searchCustomer ByEmail***********
2021-04-26 13:25:05,934 - root - INFO - ***********Starting searchCustomer ByEmail***********
2021-04-26 13:25:05,934 - root - INFO - ***********Starting searchCustomer ByEmail***********
2021-04-26 13:25:19,608 - root - INFO - ***********searchCustomerByName***********
2021-04-26 13:25:19,608 - root - INFO - ***********searchCustomerByName***********
2021-04-26 13:25:19,608 - root - INFO - ***********searchCustomerByName***********
2021-04-26 13:25:42,158 - root - INFO - ***********Starting searchCustomer ByName***********
2021-04-26 13:25:42,158 - root - INFO - ***********Starting searchCustomer ByName***********
2021-04-26 13:25:42,158 - root - INFO - ***********Starting searchCustomer ByName***********
2021-04-26 13:25:46,362 - root - INFO - ***********Test_searchCustomerByName_005 finished ***********
2021-04-26 13:25:46,362 - root - INFO - ***********Test_searchCustomerByName_005 finished ***********
2021-04-26 13:25:46,362 - root - INFO - ***********Test_searchCustomerByName_005 finished ***********
2021-04-26 13:28:11,176 - root - INFO - ***********searchCustomerByEmail***********
2021-04-26 13:28:11,176 - root - INFO - ***********searchCustomerByEmail***********
2021-04-26 13:28:11,176 - root - INFO - ***********searchCustomerByEmail***********
2021-04-26 13:28:19,451 - root - INFO - ***********Login Successful***********
2021-04-26 13:28:19,451 - root - INFO - ***********Login Successful***********
2021-04-26 13:28:19,451 - root - INFO - ***********Login Successful***********
2021-04-26 13:28:19,452 - root - INFO - ***********Starting searchCustomer ByEmail***********
2021-04-26 13:28:19,452 - root - INFO - ***********Starting searchCustomer ByEmail***********
2021-04-26 13:28:19,452 - root - INFO - ***********Starting searchCustomer ByEmail***********
2021-04-26 13:28:28,102 - root - INFO - ***********searchCustomerByName***********
2021-04-26 13:28:28,102 - root - INFO - ***********searchCustomerByName***********
2021-04-26 13:28:28,102 - root - INFO - ***********searchCustomerByName***********
2021-04-26 13:31:26,893 - root - INFO - ***********searchCustomerByEmail***********
2021-04-26 13:31:26,893 - root - INFO - ***********searchCustomerByEmail***********
2021-04-26 13:31:26,893 - root - INFO - ***********searchCustomerByEmail***********
2021-04-26 13:31:36,376 - root - INFO - ***********Login Successful***********
2021-04-26 13:31:36,376 - root - INFO - ***********Login Successful***********
2021-04-26 13:31:36,376 - root - INFO - ***********Login Successful***********
2021-04-26 13:31:36,377 - root - INFO - ***********Starting searchCustomer ByEmail***********
2021-04-26 13:31:36,377 - root - INFO - ***********Starting searchCustomer ByEmail***********
2021-04-26 13:31:36,377 - root - INFO - ***********Starting searchCustomer ByEmail***********
2021-04-26 13:31:45,119 - root - INFO - ***********searchCustomerByName***********
2021-04-26 13:31:45,119 - root - INFO - ***********searchCustomerByName***********
2021-04-26 13:31:45,119 - root - INFO - ***********searchCustomerByName***********
2021-04-26 13:31:55,008 - root - INFO - ***********Starting searchCustomer ByName***********
2021-04-26 13:31:55,008 - root - INFO - ***********Starting searchCustomer ByName***********
2021-04-26 13:31:55,008 - root - INFO - ***********Starting searchCustomer ByName***********
2021-04-26 13:31:59,734 - root - INFO - ***********Test_searchCustomerByName_005 finished ***********
2021-04-26 13:31:59,734 - root - INFO - ***********Test_searchCustomerByName_005 finished ***********
2021-04-26 13:31:59,734 - root - INFO - ***********Test_searchCustomerByName_005 finished ***********
2021-04-26 13:40:27,069 - root - INFO - ***********searchCustomerByEmail***********
2021-04-26 13:40:27,069 - root - INFO - ***********searchCustomerByEmail***********
2021-04-26 13:40:27,069 - root - INFO - ***********searchCustomerByEmail***********
2021-04-26 13:40:43,575 - root - INFO - ***********Login Successful***********
2021-04-26 13:40:43,575 - root - INFO - ***********Login Successful***********
2021-04-26 13:40:43,575 - root - INFO - ***********Login Successful***********
2021-04-26 13:40:43,575 - root - INFO - ***********Starting searchCustomer ByEmail***********
2021-04-26 13:40:43,575 - root - INFO - ***********Starting searchCustomer ByEmail***********
2021-04-26 13:40:43,575 - root - INFO - ***********Starting searchCustomer ByEmail***********
2021-04-26 13:40:52,637 - root - INFO - ***********searchCustomerByName***********
2021-04-26 13:40:52,637 - root - INFO - ***********searchCustomerByName***********
2021-04-26 13:40:52,637 - root - INFO - ***********searchCustomerByName***********
2021-04-26 13:41:34,901 - root - INFO - ***********searchCustomerByEmail***********
2021-04-26 13:41:34,901 - root - INFO - ***********searchCustomerByEmail***********
2021-04-26 13:41:34,901 - root - INFO - ***********searchCustomerByEmail***********
2021-04-26 13:41:43,723 - root - INFO - ***********Login Successful***********
2021-04-26 13:41:43,723 - root - INFO - ***********Login Successful***********
2021-04-26 13:41:43,723 - root - INFO - ***********Login Successful***********
2021-04-26 13:41:43,723 - root - INFO - ***********Starting searchCustomer ByEmail***********
2021-04-26 13:41:43,723 - root - INFO - ***********Starting searchCustomer ByEmail***********
2021-04-26 13:41:43,723 - root - INFO - ***********Starting searchCustomer ByEmail***********
2021-04-26 13:41:56,704 - root - INFO - ***********searchCustomerByName***********
2021-04-26 13:41:56,704 - root - INFO - ***********searchCustomerByName***********
2021-04-26 13:41:56,704 - root - INFO - ***********searchCustomerByName***********
2021-04-26 13:42:06,754 - root - INFO - ***********Starting searchCustomer ByName***********
2021-04-26 13:42:06,754 - root - INFO - ***********Starting searchCustomer ByName***********
2021-04-26 13:42:06,754 - root - INFO - ***********Starting searchCustomer ByName***********
2021-04-26 13:42:11,036 - root - INFO - ***********Test_searchCustomerByName_005 finished ***********
2021-04-26 13:42:11,036 - root - INFO - ***********Test_searchCustomerByName_005 finished ***********
2021-04-26 13:42:11,036 - root - INFO - ***********Test_searchCustomerByName_005 finished ***********
2021-04-26 13:42:39,367 - root - INFO - ***********searchCustomerByEmail***********
2021-04-26 13:42:39,367 - root - INFO - ***********searchCustomerByEmail***********
2021-04-26 13:42:39,367 - root - INFO - ***********searchCustomerByEmail***********
2021-04-26 13:42:48,269 - root - INFO - ***********Login Successful***********
2021-04-26 13:42:48,269 - root - INFO - ***********Login Successful***********
2021-04-26 13:42:48,269 - root - INFO - ***********Login Successful***********
2021-04-26 13:42:48,270 - root - INFO - ***********Starting searchCustomer ByEmail***********
2021-04-26 13:42:48,270 - root - INFO - ***********Starting searchCustomer ByEmail***********
2021-04-26 13:42:48,270 - root - INFO - ***********Starting searchCustomer ByEmail***********
2021-04-26 13:43:02,944 - root - INFO - ***********searchCustomerByName***********
2021-04-26 13:43:02,944 - root - INFO - ***********searchCustomerByName***********
2021-04-26 13:43:02,944 - root - INFO - ***********searchCustomerByName***********
2021-04-26 13:43:13,917 - root - INFO - ***********Starting searchCustomer ByName***********
2021-04-26 13:43:13,917 - root - INFO - ***********Starting searchCustomer ByName***********
2021-04-26 13:43:13,917 - root - INFO - ***********Starting searchCustomer ByName***********
2021-04-26 13:43:18,673 - root - INFO - ***********Test_searchCustomerByName_005 finished ***********
2021-04-26 13:43:18,673 - root - INFO - ***********Test_searchCustomerByName_005 finished ***********
2021-04-26 13:43:18,673 - root - INFO - ***********Test_searchCustomerByName_005 finished ***********
2021-04-26 13:48:18,402 - root - INFO - ***********searchCustomerByEmail***********
2021-04-26 13:48:18,402 - root - INFO - ***********searchCustomerByEmail***********
2021-04-26 13:48:18,402 - root - INFO - ***********searchCustomerByEmail***********
2021-04-26 13:48:40,956 - root - INFO - ***********Login Successful***********
2021-04-26 13:48:40,956 - root - INFO - ***********Login Successful***********
2021-04-26 13:48:40,956 - root - INFO - ***********Login Successful***********
2021-04-26 13:48:40,956 - root - INFO - ***********Starting searchCustomer ByEmail***********
2021-04-26 13:48:40,956 - root - INFO - ***********Starting searchCustomer ByEmail***********
2021-04-26 13:48:40,956 - root - INFO - ***********Starting searchCustomer ByEmail***********
2021-04-26 13:48:55,706 - root - INFO - ***********searchCustomerByName***********
2021-04-26 13:48:55,706 - root - INFO - ***********searchCustomerByName***********
2021-04-26 13:48:55,706 - root - INFO - ***********searchCustomerByName***********
2021-04-26 13:49:15,195 - root - INFO - ***********Starting searchCustomer ByName***********
2021-04-26 13:49:15,195 - root - INFO - ***********Starting searchCustomer ByName***********
2021-04-26 13:49:15,195 - root - INFO - ***********Starting searchCustomer ByName***********
2021-04-26 13:50:04,292 - root - INFO - ***********searchCustomerByName***********
2021-04-26 13:50:04,292 - root - INFO - ***********searchCustomerByName***********
2021-04-26 13:50:04,292 - root - INFO - ***********searchCustomerByName***********
2021-04-26 13:51:02,313 - root - INFO - ***********searchCustomerByEmail***********
2021-04-26 13:51:02,313 - root - INFO - ***********searchCustomerByEmail***********
2021-04-26 13:51:02,313 - root - INFO - ***********searchCustomerByEmail***********
2021-04-26 13:51:10,120 - root - INFO - ***********Login Successful***********
2021-04-26 13:51:10,120 - root - INFO - ***********Login Successful***********
2021-04-26 13:51:10,120 - root - INFO - ***********Login Successful***********
2021-04-26 13:51:10,121 - root - INFO - ***********Starting searchCustomer ByEmail***********
2021-04-26 13:51:10,121 - root - INFO - ***********Starting searchCustomer ByEmail***********
2021-04-26 13:51:10,121 - root - INFO - ***********Starting searchCustomer ByEmail***********
2021-04-26 13:51:24,984 - root - INFO - ***********searchCustomerByName***********
2021-04-26 13:51:24,984 - root - INFO - ***********searchCustomerByName***********
2021-04-26 13:51:24,984 - root - INFO - ***********searchCustomerByName***********
2021-04-26 13:51:36,083 - root - INFO - ***********Starting searchCustomer ByName***********
2021-04-26 13:51:36,083 - root - INFO - ***********Starting searchCustomer ByName***********
2021-04-26 13:51:36,083 - root - INFO - ***********Starting searchCustomer ByName***********
2021-04-26 13:51:40,802 - root - INFO - ***********Test_searchCustomerByName_005 finished ***********
2021-04-26 13:51:40,802 - root - INFO - ***********Test_searchCustomerByName_005 finished ***********
2021-04-26 13:51:40,802 - root - INFO - ***********Test_searchCustomerByName_005 finished ***********
2021-04-26 14:03:21,419 - root - INFO - ***********searchCustomerByEmail***********
2021-04-26 14:03:21,419 - root - INFO - ***********searchCustomerByEmail***********
2021-04-26 14:03:21,419 - root - INFO - ***********searchCustomerByEmail***********
2021-04-26 14:03:29,117 - root - INFO - ***********Login Successful***********
2021-04-26 14:03:29,117 - root - INFO - ***********Login Successful***********
2021-04-26 14:03:29,117 - root - INFO - ***********Login Successful***********
2021-04-26 14:03:29,117 - root - INFO - ***********Starting searchCustomer ByEmail***********
2021-04-26 14:03:29,117 - root - INFO - ***********Starting searchCustomer ByEmail***********
2021-04-26 14:03:29,117 - root - INFO - ***********Starting searchCustomer ByEmail***********
2021-04-26 14:03:37,824 - root - INFO - ***********searchCustomerByName***********
2021-04-26 14:03:37,824 - root - INFO - ***********searchCustomerByName***********
2021-04-26 14:03:37,824 - root - INFO - ***********searchCustomerByName***********
2021-04-26 14:03:48,285 - root - INFO - ***********Starting searchCustomer ByName***********
2021-04-26 14:03:48,285 - root - INFO - ***********Starting searchCustomer ByName***********
2021-04-26 14:03:48,285 - root - INFO - ***********Starting searchCustomer ByName***********
2021-04-26 14:07:44,565 - root - INFO - ***********searchCustomerByEmail***********
2021-04-26 14:07:44,565 - root - INFO - ***********searchCustomerByEmail***********
2021-04-26 14:07:44,565 - root - INFO - ***********searchCustomerByEmail***********
2021-04-26 14:07:57,738 - root - INFO - ***********Login Successful***********
2021-04-26 14:07:57,738 - root - INFO - ***********Login Successful***********
2021-04-26 14:07:57,738 - root - INFO - ***********Login Successful***********
2021-04-26 14:07:57,739 - root - INFO - ***********Starting searchCustomer ByEmail***********
2021-04-26 14:07:57,739 - root - INFO - ***********Starting searchCustomer ByEmail***********
2021-04-26 14:07:57,739 - root - INFO - ***********Starting searchCustomer ByEmail***********
2021-04-26 14:08:07,550 - root - INFO - ***********Test_searchCustomerByEmail_004 finished ***********
2021-04-26 14:08:07,550 - root - INFO - ***********Test_searchCustomerByEmail_004 finished ***********
2021-04-26 14:08:07,550 - root - INFO - ***********Test_searchCustomerByEmail_004 finished ***********
2021-04-26 14:08:09,623 - root - INFO - ***********searchCustomerByName***********
2021-04-26 14:08:09,623 - root - INFO - ***********searchCustomerByName***********
2021-04-26 14:08:09,623 - root - INFO - ***********searchCustomerByName***********
2021-04-26 14:08:25,756 - root - INFO - ***********Starting searchCustomer ByName***********
2021-04-26 14:08:25,756 - root - INFO - ***********Starting searchCustomer ByName***********
2021-04-26 14:08:25,756 - root - INFO - ***********Starting searchCustomer ByName***********
2021-04-26 14:08:29,673 - root - INFO - ***********Test_searchCustomerByName_005 finished ***********
2021-04-26 14:08:29,673 - root - INFO - ***********Test_searchCustomerByName_005 finished ***********
2021-04-26 14:08:29,673 - root - INFO - ***********Test_searchCustomerByName_005 finished ***********
2021-04-26 15:13:47,128 - root - INFO - ***********searchCustomerByEmail***********
2021-04-26 15:13:47,128 - root - INFO - ***********searchCustomerByEmail***********
2021-04-26 15:13:47,128 - root - INFO - ***********searchCustomerByEmail***********
2021-04-26 15:13:57,535 - root - INFO - ***********Login Successful***********
2021-04-26 15:13:57,535 - root - INFO - ***********Login Successful***********
2021-04-26 15:13:57,535 - root - INFO - ***********Login Successful***********
2021-04-26 15:13:57,535 - root - INFO - ***********Starting searchCustomer ByEmail***********
2021-04-26 15:13:57,535 - root - INFO - ***********Starting searchCustomer ByEmail***********
2021-04-26 15:13:57,535 - root - INFO - ***********Starting searchCustomer ByEmail***********
2021-04-26 15:14:04,132 - root - INFO - ***********Test_searchCustomerByEmail_004 finished ***********
2021-04-26 15:14:04,132 - root - INFO - ***********Test_searchCustomerByEmail_004 finished ***********
2021-04-26 15:14:04,132 - root - INFO - ***********Test_searchCustomerByEmail_004 finished ***********
2021-04-26 15:14:05,897 - root - INFO - ***********searchCustomerByName***********
2021-04-26 15:14:05,897 - root - INFO - ***********searchCustomerByName***********
2021-04-26 15:14:05,897 - root - INFO - ***********searchCustomerByName***********
2021-04-26 15:14:20,139 - root - INFO - ***********Starting searchCustomer ByName***********
2021-04-26 15:14:20,139 - root - INFO - ***********Starting searchCustomer ByName***********
2021-04-26 15:14:20,139 - root - INFO - ***********Starting searchCustomer ByName***********
2021-04-26 15:30:40,757 - root - INFO - ***********searchCustomerByName***********
2021-04-26 15:30:40,757 - root - INFO - ***********searchCustomerByName***********
2021-04-26 15:30:40,757 - root - INFO - ***********searchCustomerByName***********
2021-04-26 15:31:07,742 - root - INFO - ***********Starting searchCustomer ByName***********
2021-04-26 15:31:07,742 - root - INFO - ***********Starting searchCustomer ByName***********
2021-04-26 15:31:07,742 - root - INFO - ***********Starting searchCustomer ByName***********
2021-04-26 15:31:11,611 - root - INFO - ***********Test_searchCustomerByName_005 failed ***********
2021-04-26 15:31:11,611 - root - INFO - ***********Test_searchCustomerByName_005 failed ***********
2021-04-26 15:31:11,611 - root - INFO - ***********Test_searchCustomerByName_005 failed ***********
2021-04-26 15:32:22,028 - root - INFO - ***********searchCustomerByEmail***********
2021-04-26 15:32:22,028 - root - INFO - ***********searchCustomerByEmail***********
2021-04-26 15:32:22,028 - root - INFO - ***********searchCustomerByEmail***********
2021-04-26 15:32:33,459 - root - INFO - ***********Login Successful***********
2021-04-26 15:32:33,459 - root - INFO - ***********Login Successful***********
2021-04-26 15:32:33,459 - root - INFO - ***********Login Successful***********
2021-04-26 15:32:33,460 - root - INFO - ***********Starting searchCustomer ByEmail***********
2021-04-26 15:32:33,460 - root - INFO - ***********Starting searchCustomer ByEmail***********
2021-04-26 15:32:33,460 - root - INFO - ***********Starting searchCustomer ByEmail***********
2021-04-26 15:32:39,181 - root - INFO - ***********Test_searchCustomerByEmail_004 failed ***********
2021-04-26 15:32:39,181 - root - INFO - ***********Test_searchCustomerByEmail_004 failed ***********
2021-04-26 15:32:39,181 - root - INFO - ***********Test_searchCustomerByEmail_004 failed ***********
2021-04-26 15:32:41,279 - root - INFO - ***********searchCustomerByName***********
2021-04-26 15:32:41,279 - root - INFO - ***********searchCustomerByName***********
2021-04-26 15:32:41,279 - root - INFO - ***********searchCustomerByName***********
2021-04-26 15:32:55,900 - root - INFO - ***********Starting searchCustomer ByName***********
2021-04-26 15:32:55,900 - root - INFO - ***********Starting searchCustomer ByName***********
2021-04-26 15:32:55,900 - root - INFO - ***********Starting searchCustomer ByName***********
2021-04-26 15:32:59,619 - root - INFO - ***********Test_searchCustomerByName_005 failed ***********
2021-04-26 15:32:59,619 - root - INFO - ***********Test_searchCustomerByName_005 failed ***********
2021-04-26 15:32:59,619 - root - INFO - ***********Test_searchCustomerByName_005 failed ***********
2021-04-26 15:33:44,968 - root - INFO - ***********searchCustomerByEmail***********
2021-04-26 15:33:44,968 - root - INFO - ***********searchCustomerByEmail***********
2021-04-26 15:33:44,968 - root - INFO - ***********searchCustomerByEmail***********
2021-04-26 15:33:51,549 - root - INFO - ***********Login Successful***********
2021-04-26 15:33:51,549 - root - INFO - ***********Login Successful***********
2021-04-26 15:33:51,549 - root - INFO - ***********Login Successful***********
2021-04-26 15:33:51,550 - root - INFO - ***********Starting searchCustomer ByEmail***********
2021-04-26 15:33:51,550 - root - INFO - ***********Starting searchCustomer ByEmail***********
2021-04-26 15:33:51,550 - root - INFO - ***********Starting searchCustomer ByEmail***********
2021-04-26 15:34:02,149 - root - INFO - ***********Test_searchCustomerByEmail_004 finished ***********
2021-04-26 15:34:02,149 - root - INFO - ***********Test_searchCustomerByEmail_004 finished ***********
2021-04-26 15:34:02,149 - root - INFO - ***********Test_searchCustomerByEmail_004 finished ***********
2021-04-26 15:34:03,740 - root - INFO - ***********searchCustomerByName***********
2021-04-26 15:34:03,740 - root - INFO - ***********searchCustomerByName***********
2021-04-26 15:34:03,740 - root - INFO - ***********searchCustomerByName***********
2021-04-26 15:34:12,330 - root - INFO - ***********Starting searchCustomer ByName***********
2021-04-26 15:34:12,330 - root - INFO - ***********Starting searchCustomer ByName***********
2021-04-26 15:34:12,330 - root - INFO - ***********Starting searchCustomer ByName***********
2021-04-26 15:34:16,040 - root - INFO - ***********Test_searchCustomerByName_005 failed ***********
2021-04-26 15:34:16,040 - root - INFO - ***********Test_searchCustomerByName_005 failed ***********
2021-04-26 15:34:16,040 - root - INFO - ***********Test_searchCustomerByName_005 failed ***********
2021-04-26 15:38:06,934 - root - INFO - ***********searchCustomerByEmail***********
2021-04-26 15:38:06,934 - root - INFO - ***********searchCustomerByEmail***********
2021-04-26 15:38:06,934 - root - INFO - ***********searchCustomerByEmail***********
2021-04-26 15:38:13,911 - root - INFO - ***********Login Successful***********
2021-04-26 15:38:13,911 - root - INFO - ***********Login Successful***********
2021-04-26 15:38:13,911 - root - INFO - ***********Login Successful***********
2021-04-26 15:38:13,912 - root - INFO - ***********Starting searchCustomer ByEmail***********
2021-04-26 15:38:13,912 - root - INFO - ***********Starting searchCustomer ByEmail***********
2021-04-26 15:38:13,912 - root - INFO - ***********Starting searchCustomer ByEmail***********
2021-04-26 15:38:24,415 - root - INFO - ***********Test_searchCustomerByEmail_004 finished ***********
2021-04-26 15:38:24,415 - root - INFO - ***********Test_searchCustomerByEmail_004 finished ***********
2021-04-26 15:38:24,415 - root - INFO - ***********Test_searchCustomerByEmail_004 finished ***********
2021-04-26 15:38:26,148 - root - INFO - ***********searchCustomerByName***********
2021-04-26 15:38:26,148 - root - INFO - ***********searchCustomerByName***********
2021-04-26 15:38:26,148 - root - INFO - ***********searchCustomerByName***********
2021-04-26 15:38:35,214 - root - INFO - ***********Starting searchCustomer ByName***********
2021-04-26 15:38:35,214 - root - INFO - ***********Starting searchCustomer ByName***********
2021-04-26 15:38:35,214 - root - INFO - ***********Starting searchCustomer ByName***********
2021-04-26 15:38:39,593 - root - INFO - ***********Test_searchCustomerByName_005 finished ***********
2021-04-26 15:38:39,593 - root - INFO - ***********Test_searchCustomerByName_005 finished ***********
2021-04-26 15:38:39,593 - root - INFO - ***********Test_searchCustomerByName_005 finished ***********
